Build started 05/10/2019 17:55:52.
     1>Project "C:\Users\joaom\OneDrive\Documentos\Trabalho SB\repositorio\ssebudo\Trabalho Sb 2\Trabalho Sb 2\Trabalho Sb 2.vcxproj" on node 2 (build target(s)).
     1>InitializeBuildStatus:
         Creating "Debug\Trabalho Sb 2.unsuccessfulbuild" because "AlwaysCreate" was specified.
       ClCompile:
         c:\Program Files (x86)\Microsoft Visual Studio 10.0\VC\bin\CL.exe /c /ZI /nologo /W3 /WX- /Od /Oy- /D WIN32 /D _DEBUG /D _CONSOLE /D _UNICODE /D UNICODE /Gm /EHsc /RTC1 /MDd /GS /fp:precise /Zc:wchar_t /Zc:forScope /Fo"Debug\\" /Fd"Debug\vc100.pdb" /Gd /TC /analyze- /errorReport:prompt bigint.c teste.c
         teste.c
     1>c:\users\joaom\onedrive\documentos\trabalho sb\repositorio\ssebudo\trabalho sb 2\trabalho sb 2\teste.c(8): warning C4101: 'b' : unreferenced local variable
         bigint.c
     1>c:\users\joaom\onedrive\documentos\trabalho sb\repositorio\ssebudo\trabalho sb 2\trabalho sb 2\bigint.c(66): warning C4333: '>>' : right shift by too large amount, data loss
         Generating Code...
       ManifestResourceCompile:
         All outputs are up-to-date.
       Link:
         c:\Program Files (x86)\Microsoft Visual Studio 10.0\VC\bin\link.exe /ERRORREPORT:PROMPT /OUT:"C:\Users\joaom\OneDrive\Documentos\Trabalho SB\repositorio\ssebudo\Trabalho Sb 2\Debug\Trabalho Sb 2.exe" /INCREMENTAL /NOLOGO kernel32.lib user32.lib gdi32.lib winspool.lib comdlg32.lib advapi32.lib shell32.lib ole32.lib oleaut32.lib uuid.lib odbc32.lib odbccp32.lib /MANIFEST /ManifestFile:"Debug\Trabalho Sb 2.exe.intermediate.manifest" /MANIFESTUAC:"level='asInvoker' uiAccess='false'" /DEBUG /PDB:"C:\Users\joaom\OneDrive\Documentos\Trabalho SB\repositorio\ssebudo\Trabalho Sb 2\Debug\Trabalho Sb 2.pdb" /SUBSYSTEM:CONSOLE /TLBID:1 /DYNAMICBASE /NXCOMPAT /IMPLIB:"C:\Users\joaom\OneDrive\Documentos\Trabalho SB\repositorio\ssebudo\Trabalho Sb 2\Debug\Trabalho Sb 2.lib" /MACHINE:X86 "Debug\Trabalho Sb 2.exe.embed.manifest.res"
         Debug\bigint.obj
         Debug\teste.obj
       Manifest:
         c:\Program Files (x86)\Microsoft SDKs\Windows\v7.0A\bin\mt.exe /nologo /verbose /out:"Debug\Trabalho Sb 2.exe.embed.manifest" /manifest "Debug\Trabalho Sb 2.exe.intermediate.manifest"
         All outputs are up-to-date.
       LinkEmbedManifest:
         All outputs are up-to-date.
         Trabalho Sb 2.vcxproj -> C:\Users\joaom\OneDrive\Documentos\Trabalho SB\repositorio\ssebudo\Trabalho Sb 2\Debug\Trabalho Sb 2.exe
       FinalizeBuildStatus:
         Deleting file "Debug\Trabalho Sb 2.unsuccessfulbuild".
         Touching "Debug\Trabalho Sb 2.lastbuildstate".
     1>Done Building Project "C:\Users\joaom\OneDrive\Documentos\Trabalho SB\repositorio\ssebudo\Trabalho Sb 2\Trabalho Sb 2\Trabalho Sb 2.vcxproj" (build target(s)).

Build succeeded.

Time Elapsed 00:00:01.00
